<?xml version="1.0" encoding="UTF-8"?>
<!-- Generated by org.testng.reporters.JUnitReportReporter -->
<testsuite hostname="C02DD3N8MD6M.local" failures="0" tests="1" name="Prashanthshetty.Appium.EcommerceT1" time="39.578" errors="0" timestamp="2025-08-06T14:56:30 IST" skipped="0">
  <testcase classname="Prashanthshetty.Appium.EcommerceT1" name="ecommerceT1" time="39.578"/>
</testsuite> <!-- Prashanthshetty.Appium.EcommerceT1 -->
