<?xml version="1.0" encoding="UTF-8"?>
<!-- Generated by org.testng.reporters.JUnitReportReporter -->
<testsuite hostname="C02DD3N8MD6M.local" failures="0" tests="1" name="Appium.framework.POM.Test.FormFieldTest" time="20.275" errors="0" timestamp="2025-09-23T16:55:47 IST" skipped="0">
  <testcase classname="Appium.framework.POM.Test.FormFieldTest" name="ecommerceFormPage" time="20.275"/>
</testsuite> <!-- Appium.framework.POM.Test.FormFieldTest -->
