<?xml version="1.0" encoding="UTF-8"?>
<!-- Generated by org.testng.reporters.JUnitReportReporter -->
<testsuite hostname="C02DD3N8MD6M.local" failures="0" tests="1" name="Prashanthshetty.Appium.IOSTestcases" time="0.008" errors="0" timestamp="2025-08-20T20:49:23 IST" skipped="0">
  <testcase classname="Prashanthshetty.Appium.IOSTestcases" name="execution" time="0.008"/>
</testsuite> <!-- Prashanthshetty.Appium.IOSTestcases -->
