<?xml version="1.0" encoding="UTF-8"?>
<!-- Generated by org.testng.reporters.JUnitReportReporter -->
<testsuite hostname="C02DD3N8MD6M.local" failures="0" tests="1" name="Prashanthshetty.Appium.Swipemecanism" time="10.877" errors="0" timestamp="2025-07-28T19:52:29 IST" skipped="0">
  <testcase classname="Prashanthshetty.Appium.Swipemecanism" name="swipeTheElement" time="10.877"/>
</testsuite> <!-- Prashanthshetty.Appium.Swipemecanism -->
